..\bin\NewInjectExe.ilk
..\bin\NewInjectExe.pdb
D:\NEWINJECTDRV\BIN\NEWINJECTEXE.EXE
D:\NEWINJECTDRV\BIN\NEWINJECTEXE.ILK
D:\NEWINJECTDRV\BIN\NEWINJECTEXE.PDB
D:\NewInjectDrv\NewInjectExe\..\bin\NewInjectExe.exe
D:\NewInjectDrv\NewInjectExe\Debug\cl.command.1.tlog
D:\NewInjectDrv\NewInjectExe\Debug\CL.read.1.tlog
D:\NewInjectDrv\NewInjectExe\Debug\CL.write.1.tlog
D:\NewInjectDrv\NewInjectExe\Debug\link.9192.read.1.tlog
D:\NewInjectDrv\NewInjectExe\Debug\link.9192.write.1.tlog
D:\NewInjectDrv\NewInjectExe\Debug\link.9192-cvtres.read.1.tlog
D:\NewInjectDrv\NewInjectExe\Debug\link.9192-cvtres.write.1.tlog
D:\NewInjectDrv\NewInjectExe\Debug\link.command.1.tlog
D:\NewInjectDrv\NewInjectExe\Debug\link.read.1.tlog
D:\NewInjectDrv\NewInjectExe\Debug\link.write.1.tlog
D:\NewInjectDrv\NewInjectExe\Debug\link-cvtres.read.1.tlog
D:\NewInjectDrv\NewInjectExe\Debug\link-cvtres.write.1.tlog
D:\NewInjectDrv\NewInjectExe\Debug\mt.command.1.tlog
D:\NewInjectDrv\NewInjectExe\Debug\mt.read.1.tlog
D:\NewInjectDrv\NewInjectExe\Debug\mt.write.1.tlog
D:\NEWINJECTDRV\NEWINJECTEXE\DEBUG\NEWINJECTEXE.EXE.EMBED.MANIFEST
D:\NEWINJECTDRV\NEWINJECTEXE\DEBUG\NEWINJECTEXE.EXE.EMBED.MANIFEST.RES
D:\NEWINJECTDRV\NEWINJECTEXE\DEBUG\NEWINJECTEXE.EXE.INTERMEDIATE.MANIFEST
D:\NEWINJECTDRV\NEWINJECTEXE\DEBUG\NEWINJECTEXE.OBJ
D:\NEWINJECTDRV\NEWINJECTEXE\DEBUG\NEWINJECTEXE.PCH
D:\NewInjectDrv\NewInjectExe\Debug\NewInjectExe.write.1.tlog
D:\NewInjectDrv\NewInjectExe\Debug\NewInjectExe_manifest.rc
D:\NewInjectDrv\NewInjectExe\Debug\rc.command.1.tlog
D:\NewInjectDrv\NewInjectExe\Debug\rc.read.1.tlog
D:\NewInjectDrv\NewInjectExe\Debug\rc.write.1.tlog
D:\NEWINJECTDRV\NEWINJECTEXE\DEBUG\STDAFX.OBJ
D:\NEWINJECTDRV\NEWINJECTEXE\DEBUG\SYMGETPROCADDRESS.OBJ
D:\NewInjectDrv\NewInjectExe\Debug\vc100.idb
D:\NEWINJECTDRV\NEWINJECTEXE\DEBUG\VC100.PDB
